<?xml version="1.0" encoding="UTF-8"?>
<testng-results ignored="0" total="1" passed="1" failed="0" skipped="0">
  <reporter-output>
  </reporter-output>
  <suite started-at="2022-03-18T09:14:54 IST" name="Default suite" finished-at="2022-03-18T09:15:01 IST" duration-ms="6372">
    <groups>
    </groups>
    <test started-at="2022-03-18T09:14:54 IST" name="Default test" finished-at="2022-03-18T09:15:01 IST" duration-ms="6372">
      <class name="tests.Mew">
        <test-method signature="setup()[pri:0, instance:tests.Mew@120f102b]" started-at="2022-03-18T09:14:54 IST" name="setup" finished-at="2022-03-18T09:15:01 IST" duration-ms="6330" status="PASS">
          <reporter-output>
          </reporter-output>
        </test-method> <!-- setup -->
      </class> <!-- tests.Mew -->
    </test> <!-- Default test -->
  </suite> <!-- Default suite -->
</testng-results>
